  Wahadlo.cpp
e:\cpp\adamowy\wahadlo\wahadlo\pen.h(66): warning C4244: '=': conversion from 'double' to 'float', possible loss of data
e:\cpp\adamowy\wahadlo\wahadlo\pen.h(76): warning C4244: '-=': conversion from 'double' to 'float', possible loss of data
e:\cpp\adamowy\wahadlo\wahadlo\engine.h(57): error C4996: 'sf::Text::setColor': was declared deprecated
  c:\users\kkowa\desktop\sfml-2.4.2\include\sfml\graphics\text.hpp(177): note: see declaration of 'sf::Text::setColor'
e:\cpp\adamowy\wahadlo\wahadlo\engine.h(59): error C4996: 'sf::Text::setColor': was declared deprecated
  c:\users\kkowa\desktop\sfml-2.4.2\include\sfml\graphics\text.hpp(177): note: see declaration of 'sf::Text::setColor'
e:\cpp\adamowy\wahadlo\wahadlo\engine.h(61): error C4996: 'sf::Text::setColor': was declared deprecated
  c:\users\kkowa\desktop\sfml-2.4.2\include\sfml\graphics\text.hpp(177): note: see declaration of 'sf::Text::setColor'
e:\cpp\adamowy\wahadlo\wahadlo\engine.h(63): error C4996: 'sf::Text::setColor': was declared deprecated
  c:\users\kkowa\desktop\sfml-2.4.2\include\sfml\graphics\text.hpp(177): note: see declaration of 'sf::Text::setColor'
e:\cpp\adamowy\wahadlo\wahadlo\engine.h(65): error C4996: 'sf::Text::setColor': was declared deprecated
  c:\users\kkowa\desktop\sfml-2.4.2\include\sfml\graphics\text.hpp(177): note: see declaration of 'sf::Text::setColor'
e:\cpp\adamowy\wahadlo\wahadlo\engine.h(67): error C4996: 'sf::Text::setColor': was declared deprecated
  c:\users\kkowa\desktop\sfml-2.4.2\include\sfml\graphics\text.hpp(177): note: see declaration of 'sf::Text::setColor'
e:\cpp\adamowy\wahadlo\wahadlo\engine.h(69): error C4996: 'sf::Text::setColor': was declared deprecated
  c:\users\kkowa\desktop\sfml-2.4.2\include\sfml\graphics\text.hpp(177): note: see declaration of 'sf::Text::setColor'
e:\cpp\adamowy\wahadlo\wahadlo\engine.h(71): error C4996: 'sf::Text::setColor': was declared deprecated
  c:\users\kkowa\desktop\sfml-2.4.2\include\sfml\graphics\text.hpp(177): note: see declaration of 'sf::Text::setColor'
e:\cpp\adamowy\wahadlo\wahadlo\engine.h(73): error C4996: 'sf::Text::setColor': was declared deprecated
  c:\users\kkowa\desktop\sfml-2.4.2\include\sfml\graphics\text.hpp(177): note: see declaration of 'sf::Text::setColor'
e:\cpp\adamowy\wahadlo\wahadlo\engine.h(75): error C4996: 'sf::Text::setColor': was declared deprecated
  c:\users\kkowa\desktop\sfml-2.4.2\include\sfml\graphics\text.hpp(177): note: see declaration of 'sf::Text::setColor'
e:\cpp\adamowy\wahadlo\wahadlo\engine.h(77): error C4996: 'sf::Text::setColor': was declared deprecated
  c:\users\kkowa\desktop\sfml-2.4.2\include\sfml\graphics\text.hpp(177): note: see declaration of 'sf::Text::setColor'
e:\cpp\adamowy\wahadlo\wahadlo\engine.h(79): error C4996: 'sf::Text::setColor': was declared deprecated
  c:\users\kkowa\desktop\sfml-2.4.2\include\sfml\graphics\text.hpp(177): note: see declaration of 'sf::Text::setColor'
e:\cpp\adamowy\wahadlo\wahadlo\engine.h(81): error C4996: 'sf::Text::setColor': was declared deprecated
  c:\users\kkowa\desktop\sfml-2.4.2\include\sfml\graphics\text.hpp(177): note: see declaration of 'sf::Text::setColor'
e:\cpp\adamowy\wahadlo\wahadlo\engine.h(83): error C4996: 'sf::Text::setColor': was declared deprecated
  c:\users\kkowa\desktop\sfml-2.4.2\include\sfml\graphics\text.hpp(177): note: see declaration of 'sf::Text::setColor'
e:\cpp\adamowy\wahadlo\wahadlo\engine.h(85): error C4996: 'sf::Text::setColor': was declared deprecated
  c:\users\kkowa\desktop\sfml-2.4.2\include\sfml\graphics\text.hpp(177): note: see declaration of 'sf::Text::setColor'
e:\cpp\adamowy\wahadlo\wahadlo\engine.h(87): error C4996: 'sf::Text::setColor': was declared deprecated
  c:\users\kkowa\desktop\sfml-2.4.2\include\sfml\graphics\text.hpp(177): note: see declaration of 'sf::Text::setColor'
e:\cpp\adamowy\wahadlo\wahadlo\engine.h(89): error C4996: 'sf::Text::setColor': was declared deprecated
  c:\users\kkowa\desktop\sfml-2.4.2\include\sfml\graphics\text.hpp(177): note: see declaration of 'sf::Text::setColor'
e:\cpp\adamowy\wahadlo\wahadlo\engine.h(91): error C4996: 'sf::Text::setColor': was declared deprecated
  c:\users\kkowa\desktop\sfml-2.4.2\include\sfml\graphics\text.hpp(177): note: see declaration of 'sf::Text::setColor'
e:\cpp\adamowy\wahadlo\wahadlo\engine.h(208): error C4996: 'sf::Text::setColor': was declared deprecated
  c:\users\kkowa\desktop\sfml-2.4.2\include\sfml\graphics\text.hpp(177): note: see declaration of 'sf::Text::setColor'
e:\cpp\adamowy\wahadlo\wahadlo\engine.h(214): error C4996: 'sf::Text::setColor': was declared deprecated
  c:\users\kkowa\desktop\sfml-2.4.2\include\sfml\graphics\text.hpp(177): note: see declaration of 'sf::Text::setColor'
e:\cpp\adamowy\wahadlo\wahadlo\engine.h(220): error C4996: 'sf::Text::setColor': was declared deprecated
  c:\users\kkowa\desktop\sfml-2.4.2\include\sfml\graphics\text.hpp(177): note: see declaration of 'sf::Text::setColor'
e:\cpp\adamowy\wahadlo\wahadlo\engine.h(226): error C4996: 'sf::Text::setColor': was declared deprecated
  c:\users\kkowa\desktop\sfml-2.4.2\include\sfml\graphics\text.hpp(177): note: see declaration of 'sf::Text::setColor'
e:\cpp\adamowy\wahadlo\wahadlo\engine.h(232): error C4996: 'sf::Text::setColor': was declared deprecated
  c:\users\kkowa\desktop\sfml-2.4.2\include\sfml\graphics\text.hpp(177): note: see declaration of 'sf::Text::setColor'
e:\cpp\adamowy\wahadlo\wahadlo\engine.h(238): error C4996: 'sf::Text::setColor': was declared deprecated
  c:\users\kkowa\desktop\sfml-2.4.2\include\sfml\graphics\text.hpp(177): note: see declaration of 'sf::Text::setColor'
e:\cpp\adamowy\wahadlo\wahadlo\engine.h(244): error C4996: 'sf::Text::setColor': was declared deprecated
  c:\users\kkowa\desktop\sfml-2.4.2\include\sfml\graphics\text.hpp(177): note: see declaration of 'sf::Text::setColor'
e:\cpp\adamowy\wahadlo\wahadlo\engine.h(250): error C4996: 'sf::Text::setColor': was declared deprecated
  c:\users\kkowa\desktop\sfml-2.4.2\include\sfml\graphics\text.hpp(177): note: see declaration of 'sf::Text::setColor'
e:\cpp\adamowy\wahadlo\wahadlo\engine.h(256): error C4996: 'sf::Text::setColor': was declared deprecated
  c:\users\kkowa\desktop\sfml-2.4.2\include\sfml\graphics\text.hpp(177): note: see declaration of 'sf::Text::setColor'
e:\cpp\adamowy\wahadlo\wahadlo\engine.h(262): error C4996: 'sf::Text::setColor': was declared deprecated
  c:\users\kkowa\desktop\sfml-2.4.2\include\sfml\graphics\text.hpp(177): note: see declaration of 'sf::Text::setColor'
e:\cpp\adamowy\wahadlo\wahadlo\engine.h(268): error C4996: 'sf::Text::setColor': was declared deprecated
  c:\users\kkowa\desktop\sfml-2.4.2\include\sfml\graphics\text.hpp(177): note: see declaration of 'sf::Text::setColor'
e:\cpp\adamowy\wahadlo\wahadlo\engine.h(274): error C4996: 'sf::Text::setColor': was declared deprecated
  c:\users\kkowa\desktop\sfml-2.4.2\include\sfml\graphics\text.hpp(177): note: see declaration of 'sf::Text::setColor'
e:\cpp\adamowy\wahadlo\wahadlo\engine.h(280): error C4996: 'sf::Text::setColor': was declared deprecated
  c:\users\kkowa\desktop\sfml-2.4.2\include\sfml\graphics\text.hpp(177): note: see declaration of 'sf::Text::setColor'
e:\cpp\adamowy\wahadlo\wahadlo\engine.h(286): error C4996: 'sf::Text::setColor': was declared deprecated
  c:\users\kkowa\desktop\sfml-2.4.2\include\sfml\graphics\text.hpp(177): note: see declaration of 'sf::Text::setColor'
e:\cpp\adamowy\wahadlo\wahadlo\engine.h(292): error C4996: 'sf::Text::setColor': was declared deprecated
  c:\users\kkowa\desktop\sfml-2.4.2\include\sfml\graphics\text.hpp(177): note: see declaration of 'sf::Text::setColor'
e:\cpp\adamowy\wahadlo\wahadlo\engine.h(298): error C4996: 'sf::Text::setColor': was declared deprecated
  c:\users\kkowa\desktop\sfml-2.4.2\include\sfml\graphics\text.hpp(177): note: see declaration of 'sf::Text::setColor'
e:\cpp\adamowy\wahadlo\wahadlo\engine.h(304): error C4996: 'sf::Text::setColor': was declared deprecated
  c:\users\kkowa\desktop\sfml-2.4.2\include\sfml\graphics\text.hpp(177): note: see declaration of 'sf::Text::setColor'
e:\cpp\adamowy\wahadlo\wahadlo\engine.h(310): error C4996: 'sf::Text::setColor': was declared deprecated
  c:\users\kkowa\desktop\sfml-2.4.2\include\sfml\graphics\text.hpp(177): note: see declaration of 'sf::Text::setColor'
e:\cpp\adamowy\wahadlo\wahadlo\engine.h(316): error C4996: 'sf::Text::setColor': was declared deprecated
  c:\users\kkowa\desktop\sfml-2.4.2\include\sfml\graphics\text.hpp(177): note: see declaration of 'sf::Text::setColor'
e:\cpp\adamowy\wahadlo\wahadlo\engine.h(322): error C4996: 'sf::Text::setColor': was declared deprecated
  c:\users\kkowa\desktop\sfml-2.4.2\include\sfml\graphics\text.hpp(177): note: see declaration of 'sf::Text::setColor'
